<object-stream>
<org.drools.audit.event.RuleFlowVariableLogEvent>
  <type>32</type>
  <processId>cz.cvut.fit.mi_mpr_dip.admission.2012_main</processId>
  <processName>Sample Process</processName>
  <processInstanceId>2</processInstanceId>
  <variableId>admission</variableId>
  <variableInstanceId>admission</variableInstanceId>
  <objectToString>Admission[version=0,admissionId=&lt;null&gt;,code=73935282,type=P,accepted=&lt;null&gt;,accomplishments=&lt;null&gt;,appeal=&lt;null&gt;,dormitoryRequest=&lt;null&gt;,admissionState=&lt;null&gt;,result=&lt;null&gt;,evaluations=[Evaluation[version=0,evaluationId=&lt;null&gt;,evaluationType=EvaluationType[version=0,evaluationTypeId=&lt;null&gt;,name=H7],value=90], Evaluation[version=0,evaluationId=&lt;null&gt;,evaluationType=EvaluationType[version=0,evaluationTypeId=&lt;null&gt;,name=H3],value=Odevzdal MV (1)], Evaluation[version=0,evaluationId=&lt;null&gt;,evaluationType=EvaluationType[version=0,evaluationTypeId=&lt;null&gt;,name=H3],value=Varianta A], Evaluation[version=0,evaluationId=&lt;null&gt;,evaluationType=EvaluationType[version=0,evaluationTypeId=&lt;null&gt;,name=H5],value=Olympiáda z Matematiky 2011!]],faculty=&lt;null&gt;,person=Person[version=0,personId=&lt;null&gt;,citizenship=&lt;null&gt;,prefix=&lt;null&gt;,suffix=&lt;null&gt;,firstname=Frantisek,middlename=&lt;null&gt;,lastname=Vomáčka,maidenname=&lt;null&gt;,maritalStatus=&lt;null&gt;,permanentResidenceGranted=&lt;null&gt;,documents=[Document[version=0,documentId=&lt;null&gt;,documentType=DocumentType[version=0,documentTypeId=&lt;null&gt;,name=OP],number=111222333]],addresses=[Address[version=0,addressId=&lt;null&gt;,addressType=AddressType[version=0,addressTypeId=&lt;null&gt;,name=contact],street=Ulice,houseNumber=37,city=City[version=0,cityId=&lt;null&gt;,name=Město v ČR,part=&lt;null&gt;],postNumber=&lt;null&gt;,postalCode=99988,country=Country[version=0,countryId=&lt;null&gt;,name=Česká republika],printLines=[PrintLine[version=0,printLineId=&lt;null&gt;,name=2. řádek,value=Ulice 37], PrintLine[version=0,printLineId=&lt;null&gt;,name=4. řádek,value=], PrintLine[version=0,printLineId=&lt;null&gt;,name=3. řádek,value=99988 Město v ČR], PrintLine[version=0,printLineId=&lt;null&gt;,name=1. řádek,value=František Vomáčka], PrintLine[version=0,printLineId=&lt;null&gt;,name=5. řádek,value=]]], Address[version=0,addressId=&lt;null&gt;,addressType=AddressType[version=0,addressTypeId=&lt;null&gt;,name=main],street=Ulice,houseNumber=37,city=City[version=0,cityId=&lt;null&gt;,name=Město v ČR,part=&lt;null&gt;],postNumber=&lt;null&gt;,postalCode=99988,country=Country[version=0,countryId=&lt;null&gt;,name=Česká republika],printLines=[PrintLine[version=0,printLineId=&lt;null&gt;,name=2. řádek,value=Ulice 37], PrintLine[version=0,printLineId=&lt;null&gt;,name=4. řádek,value=], PrintLine[version=0,printLineId=&lt;null&gt;,name=3. řádek,value=99988 Město v ČR], PrintLine[version=0,printLineId=&lt;null&gt;,name=1. řádek,value=František Vomáčka], PrintLine[version=0,printLineId=&lt;null&gt;,name=5. řádek,value=]]]],birthdate=&lt;null&gt;,birthIdentificationNumber=8203151111,gender=&lt;null&gt;,cityOfBirth=&lt;null&gt;,countryOfBirth=&lt;null&gt;,phone=737999999,email=f.vomacka@mail.cz,disabilities=&lt;null&gt;],programme=Programme[version=0,programmeId=&lt;null&gt;,name=BI,studyMode=StudyMode[version=0,studyModeId=&lt;null&gt;,name=P],degree=Degree[version=0,degreeId=&lt;null&gt;,name=B],language=Language[version=0,languageId=&lt;null&gt;,name=cz]],photos=&lt;null&gt;]</objectToString>
</org.drools.audit.event.RuleFlowVariableLogEvent>
<org.drools.audit.event.RuleFlowVariableLogEvent>
  <type>33</type>
  <processId>cz.cvut.fit.mi_mpr_dip.admission.2012_main</processId>
  <processName>Sample Process</processName>
  <processInstanceId>2</processInstanceId>
  <variableId>admission</variableId>
  <variableInstanceId>admission</variableInstanceId>
  <objectToString>Admission[version=0,admissionId=&lt;null&gt;,code=73935282,type=P,accepted=&lt;null&gt;,accomplishments=&lt;null&gt;,appeal=&lt;null&gt;,dormitoryRequest=&lt;null&gt;,admissionState=&lt;null&gt;,result=&lt;null&gt;,evaluations=[Evaluation[version=0,evaluationId=&lt;null&gt;,evaluationType=EvaluationType[version=0,evaluationTypeId=&lt;null&gt;,name=H7],value=90], Evaluation[version=0,evaluationId=&lt;null&gt;,evaluationType=EvaluationType[version=0,evaluationTypeId=&lt;null&gt;,name=H3],value=Odevzdal MV (1)], Evaluation[version=0,evaluationId=&lt;null&gt;,evaluationType=EvaluationType[version=0,evaluationTypeId=&lt;null&gt;,name=H3],value=Varianta A], Evaluation[version=0,evaluationId=&lt;null&gt;,evaluationType=EvaluationType[version=0,evaluationTypeId=&lt;null&gt;,name=H5],value=Olympiáda z Matematiky 2011!]],faculty=&lt;null&gt;,person=Person[version=0,personId=&lt;null&gt;,citizenship=&lt;null&gt;,prefix=&lt;null&gt;,suffix=&lt;null&gt;,firstname=Frantisek,middlename=&lt;null&gt;,lastname=Vomáčka,maidenname=&lt;null&gt;,maritalStatus=&lt;null&gt;,permanentResidenceGranted=&lt;null&gt;,documents=[Document[version=0,documentId=&lt;null&gt;,documentType=DocumentType[version=0,documentTypeId=&lt;null&gt;,name=OP],number=111222333]],addresses=[Address[version=0,addressId=&lt;null&gt;,addressType=AddressType[version=0,addressTypeId=&lt;null&gt;,name=contact],street=Ulice,houseNumber=37,city=City[version=0,cityId=&lt;null&gt;,name=Město v ČR,part=&lt;null&gt;],postNumber=&lt;null&gt;,postalCode=99988,country=Country[version=0,countryId=&lt;null&gt;,name=Česká republika],printLines=[PrintLine[version=0,printLineId=&lt;null&gt;,name=2. řádek,value=Ulice 37], PrintLine[version=0,printLineId=&lt;null&gt;,name=4. řádek,value=], PrintLine[version=0,printLineId=&lt;null&gt;,name=3. řádek,value=99988 Město v ČR], PrintLine[version=0,printLineId=&lt;null&gt;,name=1. řádek,value=František Vomáčka], PrintLine[version=0,printLineId=&lt;null&gt;,name=5. řádek,value=]]], Address[version=0,addressId=&lt;null&gt;,addressType=AddressType[version=0,addressTypeId=&lt;null&gt;,name=main],street=Ulice,houseNumber=37,city=City[version=0,cityId=&lt;null&gt;,name=Město v ČR,part=&lt;null&gt;],postNumber=&lt;null&gt;,postalCode=99988,country=Country[version=0,countryId=&lt;null&gt;,name=Česká republika],printLines=[PrintLine[version=0,printLineId=&lt;null&gt;,name=2. řádek,value=Ulice 37], PrintLine[version=0,printLineId=&lt;null&gt;,name=4. řádek,value=], PrintLine[version=0,printLineId=&lt;null&gt;,name=3. řádek,value=99988 Město v ČR], PrintLine[version=0,printLineId=&lt;null&gt;,name=1. řádek,value=František Vomáčka], PrintLine[version=0,printLineId=&lt;null&gt;,name=5. řádek,value=]]]],birthdate=&lt;null&gt;,birthIdentificationNumber=8203151111,gender=&lt;null&gt;,cityOfBirth=&lt;null&gt;,countryOfBirth=&lt;null&gt;,phone=737999999,email=f.vomacka@mail.cz,disabilities=&lt;null&gt;],programme=Programme[version=0,programmeId=&lt;null&gt;,name=BI,studyMode=StudyMode[version=0,studyModeId=&lt;null&gt;,name=P],degree=Degree[version=0,degreeId=&lt;null&gt;,name=B],language=Language[version=0,languageId=&lt;null&gt;,name=cz]],photos=&lt;null&gt;]</objectToString>
</org.drools.audit.event.RuleFlowVariableLogEvent>
<org.drools.audit.event.RuleFlowLogEvent>
  <type>8</type>
  <processId>cz.cvut.fit.mi_mpr_dip.admission.2012_main</processId>
  <processName>Sample Process</processName>
  <processInstanceId>2</processInstanceId>
</org.drools.audit.event.RuleFlowLogEvent>
<org.drools.audit.event.RuleFlowNodeLogEvent>
  <type>24</type>
  <processId>cz.cvut.fit.mi_mpr_dip.admission.2012_main</processId>
  <processName>Sample Process</processName>
  <processInstanceId>2</processInstanceId>
  <nodeId>1</nodeId>
  <nodeName>StartProcess</nodeName>
  <nodeInstanceId>0</nodeInstanceId>
</org.drools.audit.event.RuleFlowNodeLogEvent>
<org.drools.audit.event.RuleFlowNodeLogEvent>
  <type>26</type>
  <processId>cz.cvut.fit.mi_mpr_dip.admission.2012_main</processId>
  <processName>Sample Process</processName>
  <processInstanceId>2</processInstanceId>
  <nodeId>1</nodeId>
  <nodeName>StartProcess</nodeName>
  <nodeInstanceId>0</nodeInstanceId>
</org.drools.audit.event.RuleFlowNodeLogEvent>
<org.drools.audit.event.RuleFlowNodeLogEvent>
  <type>24</type>
  <processId>cz.cvut.fit.mi_mpr_dip.admission.2012_main</processId>
  <processName>Sample Process</processName>
  <processInstanceId>2</processInstanceId>
  <nodeId>18</nodeId>
  <nodeName>Email: Process start</nodeName>
  <nodeInstanceId>1</nodeInstanceId>
</org.drools.audit.event.RuleFlowNodeLogEvent>
<org.drools.audit.event.RuleFlowNodeLogEvent>
  <type>26</type>
  <processId>cz.cvut.fit.mi_mpr_dip.admission.2012_main</processId>
  <processName>Sample Process</processName>
  <processInstanceId>2</processInstanceId>
  <nodeId>18</nodeId>
  <nodeName>Email: Process start</nodeName>
  <nodeInstanceId>1</nodeInstanceId>
</org.drools.audit.event.RuleFlowNodeLogEvent>
<org.drools.audit.event.RuleFlowNodeLogEvent>
  <type>24</type>
  <processId>cz.cvut.fit.mi_mpr_dip.admission.2012_main</processId>
  <processName>Sample Process</processName>
  <processInstanceId>2</processInstanceId>
  <nodeId>8</nodeId>
  <nodeName>Gateway - AT</nodeName>
  <nodeInstanceId>2</nodeInstanceId>
</org.drools.audit.event.RuleFlowNodeLogEvent>
<org.drools.audit.event.RuleFlowNodeLogEvent>
  <type>26</type>
  <processId>cz.cvut.fit.mi_mpr_dip.admission.2012_main</processId>
  <processName>Sample Process</processName>
  <processInstanceId>2</processInstanceId>
  <nodeId>8</nodeId>
  <nodeName>Gateway - AT</nodeName>
  <nodeInstanceId>2</nodeInstanceId>
</org.drools.audit.event.RuleFlowNodeLogEvent>
<org.drools.audit.event.RuleFlowNodeLogEvent>
  <type>24</type>
  <processId>cz.cvut.fit.mi_mpr_dip.admission.2012_main</processId>
  <processName>Sample Process</processName>
  <processInstanceId>2</processInstanceId>
  <nodeId>19</nodeId>
  <nodeName>Intivation for AT</nodeName>
  <nodeInstanceId>3</nodeInstanceId>
</org.drools.audit.event.RuleFlowNodeLogEvent>
<org.drools.audit.event.RuleFlowNodeLogEvent>
  <type>26</type>
  <processId>cz.cvut.fit.mi_mpr_dip.admission.2012_main</processId>
  <processName>Sample Process</processName>
  <processInstanceId>2</processInstanceId>
  <nodeId>19</nodeId>
  <nodeName>Intivation for AT</nodeName>
  <nodeInstanceId>3</nodeInstanceId>
</org.drools.audit.event.RuleFlowNodeLogEvent>
<org.drools.audit.event.RuleFlowNodeLogEvent>
  <type>24</type>
  <processId>cz.cvut.fit.mi_mpr_dip.admission.2012_main</processId>
  <processName>Sample Process</processName>
  <processInstanceId>2</processInstanceId>
  <nodeId>7</nodeId>
  <nodeName>Admission test</nodeName>
  <nodeInstanceId>4</nodeInstanceId>
</org.drools.audit.event.RuleFlowNodeLogEvent>
<org.drools.audit.event.RuleFlowLogEvent>
  <type>8</type>
  <processId>cz.cvut.fit.mi_mpr_dip.admission.blank</processId>
  <processName>Sample Process</processName>
  <processInstanceId>3</processInstanceId>
</org.drools.audit.event.RuleFlowLogEvent>
<org.drools.audit.event.RuleFlowNodeLogEvent>
  <type>24</type>
  <processId>cz.cvut.fit.mi_mpr_dip.admission.blank</processId>
  <processName>Sample Process</processName>
  <processInstanceId>3</processInstanceId>
  <nodeId>1</nodeId>
  <nodeName>StartProcess</nodeName>
  <nodeInstanceId>0</nodeInstanceId>
</org.drools.audit.event.RuleFlowNodeLogEvent>
<org.drools.audit.event.RuleFlowNodeLogEvent>
  <type>26</type>
  <processId>cz.cvut.fit.mi_mpr_dip.admission.blank</processId>
  <processName>Sample Process</processName>
  <processInstanceId>3</processInstanceId>
  <nodeId>1</nodeId>
  <nodeName>StartProcess</nodeName>
  <nodeInstanceId>0</nodeInstanceId>
</org.drools.audit.event.RuleFlowNodeLogEvent>
<org.drools.audit.event.RuleFlowNodeLogEvent>
  <type>24</type>
  <processId>cz.cvut.fit.mi_mpr_dip.admission.blank</processId>
  <processName>Sample Process</processName>
  <processInstanceId>3</processInstanceId>
  <nodeId>2</nodeId>
  <nodeName>End</nodeName>
  <nodeInstanceId>1</nodeInstanceId>
</org.drools.audit.event.RuleFlowNodeLogEvent>
<org.drools.audit.event.RuleFlowNodeLogEvent>
  <type>26</type>
  <processId>cz.cvut.fit.mi_mpr_dip.admission.blank</processId>
  <processName>Sample Process</processName>
  <processInstanceId>3</processInstanceId>
  <nodeId>2</nodeId>
  <nodeName>End</nodeName>
  <nodeInstanceId>1</nodeInstanceId>
</org.drools.audit.event.RuleFlowNodeLogEvent>
<org.drools.audit.event.RuleFlowLogEvent>
  <type>10</type>
  <processId>cz.cvut.fit.mi_mpr_dip.admission.blank</processId>
  <processName>Sample Process</processName>
  <processInstanceId>3</processInstanceId>
</org.drools.audit.event.RuleFlowLogEvent>
<org.drools.audit.event.RuleFlowLogEvent>
  <type>11</type>
  <processId>cz.cvut.fit.mi_mpr_dip.admission.blank</processId>
  <processName>Sample Process</processName>
  <processInstanceId>3</processInstanceId>
</org.drools.audit.event.RuleFlowLogEvent>
<org.drools.audit.event.RuleFlowNodeLogEvent>
  <type>27</type>
  <processId>cz.cvut.fit.mi_mpr_dip.admission.blank</processId>
  <processName>Sample Process</processName>
  <processInstanceId>3</processInstanceId>
  <nodeId>2</nodeId>
  <nodeName>End</nodeName>
  <nodeInstanceId>1</nodeInstanceId>
</org.drools.audit.event.RuleFlowNodeLogEvent>
<org.drools.audit.event.RuleFlowNodeLogEvent>
  <type>25</type>
  <processId>cz.cvut.fit.mi_mpr_dip.admission.blank</processId>
  <processName>Sample Process</processName>
  <processInstanceId>3</processInstanceId>
  <nodeId>2</nodeId>
  <nodeName>End</nodeName>
  <nodeInstanceId>1</nodeInstanceId>
</org.drools.audit.event.RuleFlowNodeLogEvent>
<org.drools.audit.event.RuleFlowNodeLogEvent>
  <type>27</type>
  <processId>cz.cvut.fit.mi_mpr_dip.admission.blank</processId>
  <processName>Sample Process</processName>
  <processInstanceId>3</processInstanceId>
  <nodeId>1</nodeId>
  <nodeName>StartProcess</nodeName>
  <nodeInstanceId>0</nodeInstanceId>
</org.drools.audit.event.RuleFlowNodeLogEvent>
<org.drools.audit.event.RuleFlowNodeLogEvent>
  <type>25</type>
  <processId>cz.cvut.fit.mi_mpr_dip.admission.blank</processId>
  <processName>Sample Process</processName>
  <processInstanceId>3</processInstanceId>
  <nodeId>1</nodeId>
  <nodeName>StartProcess</nodeName>
  <nodeInstanceId>0</nodeInstanceId>
</org.drools.audit.event.RuleFlowNodeLogEvent>
<org.drools.audit.event.RuleFlowLogEvent>
  <type>9</type>
  <processId>cz.cvut.fit.mi_mpr_dip.admission.blank</processId>
  <processName>Sample Process</processName>
  <processInstanceId>3</processInstanceId>
</org.drools.audit.event.RuleFlowLogEvent>
<org.drools.audit.event.RuleFlowNodeLogEvent>
  <type>26</type>
  <processId>cz.cvut.fit.mi_mpr_dip.admission.2012_main</processId>
  <processName>Sample Process</processName>
  <processInstanceId>2</processInstanceId>
  <nodeId>7</nodeId>
  <nodeName>Admission test</nodeName>
  <nodeInstanceId>4</nodeInstanceId>
</org.drools.audit.event.RuleFlowNodeLogEvent>
<org.drools.audit.event.RuleFlowNodeLogEvent>
  <type>24</type>
  <processId>cz.cvut.fit.mi_mpr_dip.admission.2012_main</processId>
  <processName>Sample Process</processName>
  <processInstanceId>2</processInstanceId>
  <nodeId>9</nodeId>
  <nodeName>Gateway</nodeName>
  <nodeInstanceId>5</nodeInstanceId>
</org.drools.audit.event.RuleFlowNodeLogEvent>
<org.drools.audit.event.RuleFlowNodeLogEvent>
  <type>26</type>
  <processId>cz.cvut.fit.mi_mpr_dip.admission.2012_main</processId>
  <processName>Sample Process</processName>
  <processInstanceId>2</processInstanceId>
  <nodeId>9</nodeId>
  <nodeName>Gateway</nodeName>
  <nodeInstanceId>5</nodeInstanceId>
</org.drools.audit.event.RuleFlowNodeLogEvent>
<org.drools.audit.event.RuleFlowNodeLogEvent>
  <type>24</type>
  <processId>cz.cvut.fit.mi_mpr_dip.admission.2012_main</processId>
  <processName>Sample Process</processName>
  <processInstanceId>2</processInstanceId>
  <nodeId>14</nodeId>
  <nodeName>Decision</nodeName>
  <nodeInstanceId>6</nodeInstanceId>
</org.drools.audit.event.RuleFlowNodeLogEvent>
<org.drools.audit.event.RuleFlowLogEvent>
  <type>8</type>
  <processId>cz.cvut.fit.mi_mpr_dip.admission.blank</processId>
  <processName>Sample Process</processName>
  <processInstanceId>4</processInstanceId>
</org.drools.audit.event.RuleFlowLogEvent>
<org.drools.audit.event.RuleFlowNodeLogEvent>
  <type>24</type>
  <processId>cz.cvut.fit.mi_mpr_dip.admission.blank</processId>
  <processName>Sample Process</processName>
  <processInstanceId>4</processInstanceId>
  <nodeId>1</nodeId>
  <nodeName>StartProcess</nodeName>
  <nodeInstanceId>0</nodeInstanceId>
</org.drools.audit.event.RuleFlowNodeLogEvent>
<org.drools.audit.event.RuleFlowNodeLogEvent>
  <type>26</type>
  <processId>cz.cvut.fit.mi_mpr_dip.admission.blank</processId>
  <processName>Sample Process</processName>
  <processInstanceId>4</processInstanceId>
  <nodeId>1</nodeId>
  <nodeName>StartProcess</nodeName>
  <nodeInstanceId>0</nodeInstanceId>
</org.drools.audit.event.RuleFlowNodeLogEvent>
<org.drools.audit.event.RuleFlowNodeLogEvent>
  <type>24</type>
  <processId>cz.cvut.fit.mi_mpr_dip.admission.blank</processId>
  <processName>Sample Process</processName>
  <processInstanceId>4</processInstanceId>
  <nodeId>2</nodeId>
  <nodeName>End</nodeName>
  <nodeInstanceId>1</nodeInstanceId>
</org.drools.audit.event.RuleFlowNodeLogEvent>
<org.drools.audit.event.RuleFlowNodeLogEvent>
  <type>26</type>
  <processId>cz.cvut.fit.mi_mpr_dip.admission.blank</processId>
  <processName>Sample Process</processName>
  <processInstanceId>4</processInstanceId>
  <nodeId>2</nodeId>
  <nodeName>End</nodeName>
  <nodeInstanceId>1</nodeInstanceId>
</org.drools.audit.event.RuleFlowNodeLogEvent>
<org.drools.audit.event.RuleFlowLogEvent>
  <type>10</type>
  <processId>cz.cvut.fit.mi_mpr_dip.admission.blank</processId>
  <processName>Sample Process</processName>
  <processInstanceId>4</processInstanceId>
</org.drools.audit.event.RuleFlowLogEvent>
<org.drools.audit.event.RuleFlowLogEvent>
  <type>11</type>
  <processId>cz.cvut.fit.mi_mpr_dip.admission.blank</processId>
  <processName>Sample Process</processName>
  <processInstanceId>4</processInstanceId>
</org.drools.audit.event.RuleFlowLogEvent>
<org.drools.audit.event.RuleFlowNodeLogEvent>
  <type>27</type>
  <processId>cz.cvut.fit.mi_mpr_dip.admission.blank</processId>
  <processName>Sample Process</processName>
  <processInstanceId>4</processInstanceId>
  <nodeId>2</nodeId>
  <nodeName>End</nodeName>
  <nodeInstanceId>1</nodeInstanceId>
</org.drools.audit.event.RuleFlowNodeLogEvent>
<org.drools.audit.event.RuleFlowNodeLogEvent>
  <type>25</type>
  <processId>cz.cvut.fit.mi_mpr_dip.admission.blank</processId>
  <processName>Sample Process</processName>
  <processInstanceId>4</processInstanceId>
  <nodeId>2</nodeId>
  <nodeName>End</nodeName>
  <nodeInstanceId>1</nodeInstanceId>
</org.drools.audit.event.RuleFlowNodeLogEvent>
<org.drools.audit.event.RuleFlowNodeLogEvent>
  <type>27</type>
  <processId>cz.cvut.fit.mi_mpr_dip.admission.blank</processId>
  <processName>Sample Process</processName>
  <processInstanceId>4</processInstanceId>
  <nodeId>1</nodeId>
  <nodeName>StartProcess</nodeName>
  <nodeInstanceId>0</nodeInstanceId>
</org.drools.audit.event.RuleFlowNodeLogEvent>
<org.drools.audit.event.RuleFlowNodeLogEvent>
  <type>25</type>
  <processId>cz.cvut.fit.mi_mpr_dip.admission.blank</processId>
  <processName>Sample Process</processName>
  <processInstanceId>4</processInstanceId>
  <nodeId>1</nodeId>
  <nodeName>StartProcess</nodeName>
  <nodeInstanceId>0</nodeInstanceId>
</org.drools.audit.event.RuleFlowNodeLogEvent>
<org.drools.audit.event.RuleFlowLogEvent>
  <type>9</type>
  <processId>cz.cvut.fit.mi_mpr_dip.admission.blank</processId>
  <processName>Sample Process</processName>
  <processInstanceId>4</processInstanceId>
</org.drools.audit.event.RuleFlowLogEvent>
<org.drools.audit.event.RuleFlowNodeLogEvent>
  <type>26</type>
  <processId>cz.cvut.fit.mi_mpr_dip.admission.2012_main</processId>
  <processName>Sample Process</processName>
  <processInstanceId>2</processInstanceId>
  <nodeId>14</nodeId>
  <nodeName>Decision</nodeName>
  <nodeInstanceId>6</nodeInstanceId>
</org.drools.audit.event.RuleFlowNodeLogEvent>
<org.drools.audit.event.RuleFlowNodeLogEvent>
  <type>24</type>
  <processId>cz.cvut.fit.mi_mpr_dip.admission.2012_main</processId>
  <processName>Sample Process</processName>
  <processInstanceId>2</processInstanceId>
  <nodeId>10</nodeId>
  <nodeName>Registration</nodeName>
  <nodeInstanceId>7</nodeInstanceId>
</org.drools.audit.event.RuleFlowNodeLogEvent>
<org.drools.audit.event.RuleFlowLogEvent>
  <type>8</type>
  <processId>cz.cvut.fit.mi_mpr_dip.admission.blank</processId>
  <processName>Sample Process</processName>
  <processInstanceId>5</processInstanceId>
</org.drools.audit.event.RuleFlowLogEvent>
<org.drools.audit.event.RuleFlowNodeLogEvent>
  <type>24</type>
  <processId>cz.cvut.fit.mi_mpr_dip.admission.blank</processId>
  <processName>Sample Process</processName>
  <processInstanceId>5</processInstanceId>
  <nodeId>1</nodeId>
  <nodeName>StartProcess</nodeName>
  <nodeInstanceId>0</nodeInstanceId>
</org.drools.audit.event.RuleFlowNodeLogEvent>
<org.drools.audit.event.RuleFlowNodeLogEvent>
  <type>26</type>
  <processId>cz.cvut.fit.mi_mpr_dip.admission.blank</processId>
  <processName>Sample Process</processName>
  <processInstanceId>5</processInstanceId>
  <nodeId>1</nodeId>
  <nodeName>StartProcess</nodeName>
  <nodeInstanceId>0</nodeInstanceId>
</org.drools.audit.event.RuleFlowNodeLogEvent>
<org.drools.audit.event.RuleFlowNodeLogEvent>
  <type>24</type>
  <processId>cz.cvut.fit.mi_mpr_dip.admission.blank</processId>
  <processName>Sample Process</processName>
  <processInstanceId>5</processInstanceId>
  <nodeId>2</nodeId>
  <nodeName>End</nodeName>
  <nodeInstanceId>1</nodeInstanceId>
</org.drools.audit.event.RuleFlowNodeLogEvent>
<org.drools.audit.event.RuleFlowNodeLogEvent>
  <type>26</type>
  <processId>cz.cvut.fit.mi_mpr_dip.admission.blank</processId>
  <processName>Sample Process</processName>
  <processInstanceId>5</processInstanceId>
  <nodeId>2</nodeId>
  <nodeName>End</nodeName>
  <nodeInstanceId>1</nodeInstanceId>
</org.drools.audit.event.RuleFlowNodeLogEvent>
<org.drools.audit.event.RuleFlowLogEvent>
  <type>10</type>
  <processId>cz.cvut.fit.mi_mpr_dip.admission.blank</processId>
  <processName>Sample Process</processName>
  <processInstanceId>5</processInstanceId>
</org.drools.audit.event.RuleFlowLogEvent>
<org.drools.audit.event.RuleFlowLogEvent>
  <type>11</type>
  <processId>cz.cvut.fit.mi_mpr_dip.admission.blank</processId>
  <processName>Sample Process</processName>
  <processInstanceId>5</processInstanceId>
</org.drools.audit.event.RuleFlowLogEvent>
<org.drools.audit.event.RuleFlowNodeLogEvent>
  <type>27</type>
  <processId>cz.cvut.fit.mi_mpr_dip.admission.blank</processId>
  <processName>Sample Process</processName>
  <processInstanceId>5</processInstanceId>
  <nodeId>2</nodeId>
  <nodeName>End</nodeName>
  <nodeInstanceId>1</nodeInstanceId>
</org.drools.audit.event.RuleFlowNodeLogEvent>
<org.drools.audit.event.RuleFlowNodeLogEvent>
  <type>25</type>
  <processId>cz.cvut.fit.mi_mpr_dip.admission.blank</processId>
  <processName>Sample Process</processName>
  <processInstanceId>5</processInstanceId>
  <nodeId>2</nodeId>
  <nodeName>End</nodeName>
  <nodeInstanceId>1</nodeInstanceId>
</org.drools.audit.event.RuleFlowNodeLogEvent>
<org.drools.audit.event.RuleFlowNodeLogEvent>
  <type>27</type>
  <processId>cz.cvut.fit.mi_mpr_dip.admission.blank</processId>
  <processName>Sample Process</processName>
  <processInstanceId>5</processInstanceId>
  <nodeId>1</nodeId>
  <nodeName>StartProcess</nodeName>
  <nodeInstanceId>0</nodeInstanceId>
</org.drools.audit.event.RuleFlowNodeLogEvent>
<org.drools.audit.event.RuleFlowNodeLogEvent>
  <type>25</type>
  <processId>cz.cvut.fit.mi_mpr_dip.admission.blank</processId>
  <processName>Sample Process</processName>
  <processInstanceId>5</processInstanceId>
  <nodeId>1</nodeId>
  <nodeName>StartProcess</nodeName>
  <nodeInstanceId>0</nodeInstanceId>
</org.drools.audit.event.RuleFlowNodeLogEvent>
<org.drools.audit.event.RuleFlowLogEvent>
  <type>9</type>
  <processId>cz.cvut.fit.mi_mpr_dip.admission.blank</processId>
  <processName>Sample Process</processName>
  <processInstanceId>5</processInstanceId>
</org.drools.audit.event.RuleFlowLogEvent>
<org.drools.audit.event.RuleFlowNodeLogEvent>
  <type>26</type>
  <processId>cz.cvut.fit.mi_mpr_dip.admission.2012_main</processId>
  <processName>Sample Process</processName>
  <processInstanceId>2</processInstanceId>
  <nodeId>10</nodeId>
  <nodeName>Registration</nodeName>
  <nodeInstanceId>7</nodeInstanceId>
</org.drools.audit.event.RuleFlowNodeLogEvent>
<org.drools.audit.event.RuleFlowNodeLogEvent>
  <type>24</type>
  <processId>cz.cvut.fit.mi_mpr_dip.admission.2012_main</processId>
  <processName>Sample Process</processName>
  <processInstanceId>2</processInstanceId>
  <nodeId>6</nodeId>
  <nodeName>End</nodeName>
  <nodeInstanceId>8</nodeInstanceId>
</org.drools.audit.event.RuleFlowNodeLogEvent>
<org.drools.audit.event.RuleFlowNodeLogEvent>
  <type>26</type>
  <processId>cz.cvut.fit.mi_mpr_dip.admission.2012_main</processId>
  <processName>Sample Process</processName>
  <processInstanceId>2</processInstanceId>
  <nodeId>6</nodeId>
  <nodeName>End</nodeName>
  <nodeInstanceId>8</nodeInstanceId>
</org.drools.audit.event.RuleFlowNodeLogEvent>
<org.drools.audit.event.RuleFlowLogEvent>
  <type>10</type>
  <processId>cz.cvut.fit.mi_mpr_dip.admission.2012_main</processId>
  <processName>Sample Process</processName>
  <processInstanceId>2</processInstanceId>
</org.drools.audit.event.RuleFlowLogEvent>
<org.drools.audit.event.RuleFlowLogEvent>
  <type>11</type>
  <processId>cz.cvut.fit.mi_mpr_dip.admission.2012_main</processId>
  <processName>Sample Process</processName>
  <processInstanceId>2</processInstanceId>
</org.drools.audit.event.RuleFlowLogEvent>
<org.drools.audit.event.RuleFlowNodeLogEvent>
  <type>27</type>
  <processId>cz.cvut.fit.mi_mpr_dip.admission.2012_main</processId>
  <processName>Sample Process</processName>
  <processInstanceId>2</processInstanceId>
  <nodeId>6</nodeId>
  <nodeName>End</nodeName>
  <nodeInstanceId>8</nodeInstanceId>
</org.drools.audit.event.RuleFlowNodeLogEvent>
<org.drools.audit.event.RuleFlowNodeLogEvent>
  <type>25</type>
  <processId>cz.cvut.fit.mi_mpr_dip.admission.2012_main</processId>
  <processName>Sample Process</processName>
  <processInstanceId>2</processInstanceId>
  <nodeId>6</nodeId>
  <nodeName>End</nodeName>
  <nodeInstanceId>8</nodeInstanceId>
</org.drools.audit.event.RuleFlowNodeLogEvent>
<org.drools.audit.event.RuleFlowNodeLogEvent>
  <type>27</type>
  <processId>cz.cvut.fit.mi_mpr_dip.admission.2012_main</processId>
  <processName>Sample Process</processName>
  <processInstanceId>2</processInstanceId>
  <nodeId>10</nodeId>
  <nodeName>Registration</nodeName>
  <nodeInstanceId>7</nodeInstanceId>
</org.drools.audit.event.RuleFlowNodeLogEvent>
<org.drools.audit.event.RuleFlowNodeLogEvent>
  <type>25</type>
  <processId>cz.cvut.fit.mi_mpr_dip.admission.2012_main</processId>
  <processName>Sample Process</processName>
  <processInstanceId>2</processInstanceId>
  <nodeId>10</nodeId>
  <nodeName>Registration</nodeName>
  <nodeInstanceId>7</nodeInstanceId>
</org.drools.audit.event.RuleFlowNodeLogEvent>
<org.drools.audit.event.RuleFlowNodeLogEvent>
  <type>27</type>
  <processId>cz.cvut.fit.mi_mpr_dip.admission.2012_main</processId>
  <processName>Sample Process</processName>
  <processInstanceId>2</processInstanceId>
  <nodeId>14</nodeId>
  <nodeName>Decision</nodeName>
  <nodeInstanceId>6</nodeInstanceId>
</org.drools.audit.event.RuleFlowNodeLogEvent>
<org.drools.audit.event.RuleFlowNodeLogEvent>
  <type>25</type>
  <processId>cz.cvut.fit.mi_mpr_dip.admission.2012_main</processId>
  <processName>Sample Process</processName>
  <processInstanceId>2</processInstanceId>
  <nodeId>14</nodeId>
  <nodeName>Decision</nodeName>
  <nodeInstanceId>6</nodeInstanceId>
</org.drools.audit.event.RuleFlowNodeLogEvent>
<org.drools.audit.event.RuleFlowNodeLogEvent>
  <type>27</type>
  <processId>cz.cvut.fit.mi_mpr_dip.admission.2012_main</processId>
  <processName>Sample Process</processName>
  <processInstanceId>2</processInstanceId>
  <nodeId>9</nodeId>
  <nodeName>Gateway</nodeName>
  <nodeInstanceId>5</nodeInstanceId>
</org.drools.audit.event.RuleFlowNodeLogEvent>
<org.drools.audit.event.RuleFlowNodeLogEvent>
  <type>25</type>
  <processId>cz.cvut.fit.mi_mpr_dip.admission.2012_main</processId>
  <processName>Sample Process</processName>
  <processInstanceId>2</processInstanceId>
  <nodeId>9</nodeId>
  <nodeName>Gateway</nodeName>
  <nodeInstanceId>5</nodeInstanceId>
</org.drools.audit.event.RuleFlowNodeLogEvent>
<org.drools.audit.event.RuleFlowNodeLogEvent>
  <type>27</type>
  <processId>cz.cvut.fit.mi_mpr_dip.admission.2012_main</processId>
  <processName>Sample Process</processName>
  <processInstanceId>2</processInstanceId>
  <nodeId>7</nodeId>
  <nodeName>Admission test</nodeName>
  <nodeInstanceId>4</nodeInstanceId>
</org.drools.audit.event.RuleFlowNodeLogEvent>
<org.drools.audit.event.RuleFlowNodeLogEvent>
  <type>25</type>
  <processId>cz.cvut.fit.mi_mpr_dip.admission.2012_main</processId>
  <processName>Sample Process</processName>
  <processInstanceId>2</processInstanceId>
  <nodeId>7</nodeId>
  <nodeName>Admission test</nodeName>
  <nodeInstanceId>4</nodeInstanceId>
</org.drools.audit.event.RuleFlowNodeLogEvent>
<org.drools.audit.event.RuleFlowNodeLogEvent>
  <type>27</type>
  <processId>cz.cvut.fit.mi_mpr_dip.admission.2012_main</processId>
  <processName>Sample Process</processName>
  <processInstanceId>2</processInstanceId>
  <nodeId>19</nodeId>
  <nodeName>Intivation for AT</nodeName>
  <nodeInstanceId>3</nodeInstanceId>
</org.drools.audit.event.RuleFlowNodeLogEvent>
<org.drools.audit.event.RuleFlowNodeLogEvent>
  <type>25</type>
  <processId>cz.cvut.fit.mi_mpr_dip.admission.2012_main</processId>
  <processName>Sample Process</processName>
  <processInstanceId>2</processInstanceId>
  <nodeId>19</nodeId>
  <nodeName>Intivation for AT</nodeName>
  <nodeInstanceId>3</nodeInstanceId>
</org.drools.audit.event.RuleFlowNodeLogEvent>
<org.drools.audit.event.RuleFlowNodeLogEvent>
  <type>27</type>
  <processId>cz.cvut.fit.mi_mpr_dip.admission.2012_main</processId>
  <processName>Sample Process</processName>
  <processInstanceId>2</processInstanceId>
  <nodeId>8</nodeId>
  <nodeName>Gateway - AT</nodeName>
  <nodeInstanceId>2</nodeInstanceId>
</org.drools.audit.event.RuleFlowNodeLogEvent>
<org.drools.audit.event.RuleFlowNodeLogEvent>
  <type>25</type>
  <processId>cz.cvut.fit.mi_mpr_dip.admission.2012_main</processId>
  <processName>Sample Process</processName>
  <processInstanceId>2</processInstanceId>
  <nodeId>8</nodeId>
  <nodeName>Gateway - AT</nodeName>
  <nodeInstanceId>2</nodeInstanceId>
</org.drools.audit.event.RuleFlowNodeLogEvent>
<org.drools.audit.event.RuleFlowNodeLogEvent>
  <type>27</type>
  <processId>cz.cvut.fit.mi_mpr_dip.admission.2012_main</processId>
  <processName>Sample Process</processName>
  <processInstanceId>2</processInstanceId>
  <nodeId>18</nodeId>
  <nodeName>Email: Process start</nodeName>
  <nodeInstanceId>1</nodeInstanceId>
</org.drools.audit.event.RuleFlowNodeLogEvent>
<org.drools.audit.event.RuleFlowNodeLogEvent>
  <type>25</type>
  <processId>cz.cvut.fit.mi_mpr_dip.admission.2012_main</processId>
  <processName>Sample Process</processName>
  <processInstanceId>2</processInstanceId>
  <nodeId>18</nodeId>
  <nodeName>Email: Process start</nodeName>
  <nodeInstanceId>1</nodeInstanceId>
</org.drools.audit.event.RuleFlowNodeLogEvent>
<org.drools.audit.event.RuleFlowNodeLogEvent>
  <type>27</type>
  <processId>cz.cvut.fit.mi_mpr_dip.admission.2012_main</processId>
  <processName>Sample Process</processName>
  <processInstanceId>2</processInstanceId>
  <nodeId>1</nodeId>
  <nodeName>StartProcess</nodeName>
  <nodeInstanceId>0</nodeInstanceId>
</org.drools.audit.event.RuleFlowNodeLogEvent>
<org.drools.audit.event.RuleFlowNodeLogEvent>
  <type>25</type>
  <processId>cz.cvut.fit.mi_mpr_dip.admission.2012_main</processId>
  <processName>Sample Process</processName>
  <processInstanceId>2</processInstanceId>
  <nodeId>1</nodeId>
  <nodeName>StartProcess</nodeName>
  <nodeInstanceId>0</nodeInstanceId>
</org.drools.audit.event.RuleFlowNodeLogEvent>
<org.drools.audit.event.RuleFlowLogEvent>
  <type>9</type>
  <processId>cz.cvut.fit.mi_mpr_dip.admission.2012_main</processId>
  <processName>Sample Process</processName>
  <processInstanceId>2</processInstanceId>
</org.drools.audit.event.RuleFlowLogEvent>
</object-stream>
</object-stream>
